<?xml version="1.0" encoding="UTF-8"?>
<testsuite name="com.dummytest.MoodAnalyserTest" tests="1" skipped="0" failures="0" errors="0" timestamp="2020-06-19T19:14:21" hostname="CONSANGUINITY" time="0.002">
  <properties/>
  <testcase name="givenMood_WhenNull_ShouldReturnHappy" classname="com.dummytest.MoodAnalyserTest" time="0.002"/>
  <system-out><![CDATA[]]></system-out>
  <system-err><![CDATA[]]></system-err>
</testsuite>
