<?xml version="1.0" encoding="UTF-8"?>
<testsuite name="com.dummytest.MoodAnalyserTest" tests="2" skipped="0" failures="0" errors="0" timestamp="2020-06-19T18:47:40" hostname="CONSANGUINITY" time="0.004">
  <properties/>
  <testcase name="testHappyMood" classname="com.dummytest.MoodAnalyserTest" time="0.003"/>
  <testcase name="testAnalyseMood" classname="com.dummytest.MoodAnalyserTest" time="0.0"/>
  <system-out><![CDATA[]]></system-out>
  <system-err><![CDATA[]]></system-err>
</testsuite>
