<?xml version="1.0" encoding="UTF-8"?>
<testsuite name="com.dummytest.com.dummytest.JUnitAssertionTest" tests="1" skipped="0" failures="0" errors="0" timestamp="2020-06-19T00:14:47" hostname="CONSANGUINITY" time="0.012">
  <properties/>
  <testcase name="assertionTest" classname="com.dummytest.com.dummytest.JUnitAssertionTest" time="0.012"/>
  <system-out><![CDATA[]]></system-out>
  <system-err><![CDATA[]]></system-err>
</testsuite>
